Connecting to database specified by database.yml
  [1m[36m (0.2ms)[0m  [1mselect sqlite_version(*)[0m
  [1m[35m (45.8ms)[0m  CREATE TABLE "schema_migrations" ("version" varchar(255) NOT NULL) 
  [1m[36m (18.1ms)[0m  [1mCREATE UNIQUE INDEX "unique_schema_migrations" ON "schema_migrations" ("version")[0m
  [1m[35m (1.1ms)[0m  SELECT "schema_migrations"."version" FROM "schema_migrations" 
Migrating to CreateMovies (20111119180638)
  [1m[36m (0.0ms)[0m  [1mbegin transaction[0m
  [1m[35m (0.3ms)[0m  CREATE TABLE "movies" ("id" INTEGER PRIMARY KEY AUTOINCREMENT NOT NULL, "title" varchar(255), "rating" varchar(255), "description" text, "release_date" datetime, "created_at" datetime NOT NULL, "updated_at" datetime NOT NULL) 
  [1m[36m (0.1ms)[0m  [1mINSERT INTO "schema_migrations" ("version") VALUES ('20111119180638')[0m
  [1m[35m (22.5ms)[0m  commit transaction
  [1m[36m (0.2ms)[0m  [1mSELECT "schema_migrations"."version" FROM "schema_migrations" [0m
Connecting to database specified by database.yml
  [1m[36m (1.2ms)[0m  [1mSELECT "schema_migrations"."version" FROM "schema_migrations" [0m
  [1m[35m (0.1ms)[0m  begin transaction
  [1m[36mSQL (24.8ms)[0m  [1mINSERT INTO "movies" ("created_at", "description", "rating", "release_date", "title", "updated_at") VALUES (?, ?, ?, ?, ?, ?)[0m  [["created_at", Tue, 21 Oct 2014 10:17:11 UTC +00:00], ["description", nil], ["rating", "G"], ["release_date", Wed, 25 Nov 1992 00:00:00 UTC +00:00], ["title", "Aladdin"], ["updated_at", Tue, 21 Oct 2014 10:17:11 UTC +00:00]]
  [1m[35m (137.3ms)[0m  commit transaction
  [1m[36m (0.0ms)[0m  [1mbegin transaction[0m
  [1m[35mSQL (0.3ms)[0m  INSERT INTO "movies" ("created_at", "description", "rating", "release_date", "title", "updated_at") VALUES (?, ?, ?, ?, ?, ?)  [["created_at", Tue, 21 Oct 2014 10:17:11 UTC +00:00], ["description", nil], ["rating", "R"], ["release_date", Fri, 26 Oct 1984 00:00:00 UTC +00:00], ["title", "The Terminator"], ["updated_at", Tue, 21 Oct 2014 10:17:11 UTC +00:00]]
  [1m[36m (17.6ms)[0m  [1mcommit transaction[0m
  [1m[35m (0.1ms)[0m  begin transaction
  [1m[36mSQL (0.3ms)[0m  [1mINSERT INTO "movies" ("created_at", "description", "rating", "release_date", "title", "updated_at") VALUES (?, ?, ?, ?, ?, ?)[0m  [["created_at", Tue, 21 Oct 2014 10:17:11 UTC +00:00], ["description", nil], ["rating", "R"], ["release_date", Fri, 21 Jul 1989 00:00:00 UTC +00:00], ["title", "When Harry Met Sally"], ["updated_at", Tue, 21 Oct 2014 10:17:11 UTC +00:00]]
  [1m[35m (19.4ms)[0m  commit transaction
  [1m[36m (0.1ms)[0m  [1mbegin transaction[0m
  [1m[35mSQL (0.3ms)[0m  INSERT INTO "movies" ("created_at", "description", "rating", "release_date", "title", "updated_at") VALUES (?, ?, ?, ?, ?, ?)  [["created_at", Tue, 21 Oct 2014 10:17:11 UTC +00:00], ["description", nil], ["rating", "PG-13"], ["release_date", Wed, 10 Aug 2011 00:00:00 UTC +00:00], ["title", "The Help"], ["updated_at", Tue, 21 Oct 2014 10:17:11 UTC +00:00]]
  [1m[36m (17.0ms)[0m  [1mcommit transaction[0m
  [1m[35m (0.1ms)[0m  begin transaction
  [1m[36mSQL (0.3ms)[0m  [1mINSERT INTO "movies" ("created_at", "description", "rating", "release_date", "title", "updated_at") VALUES (?, ?, ?, ?, ?, ?)[0m  [["created_at", Tue, 21 Oct 2014 10:17:11 UTC +00:00], ["description", nil], ["rating", "PG-13"], ["release_date", Fri, 05 Jan 2001 00:00:00 UTC +00:00], ["title", "Chocolat"], ["updated_at", Tue, 21 Oct 2014 10:17:11 UTC +00:00]]
  [1m[35m (15.3ms)[0m  commit transaction
  [1m[36m (0.2ms)[0m  [1mbegin transaction[0m
  [1m[35mSQL (1.0ms)[0m  INSERT INTO "movies" ("created_at", "description", "rating", "release_date", "title", "updated_at") VALUES (?, ?, ?, ?, ?, ?)  [["created_at", Tue, 21 Oct 2014 10:17:11 UTC +00:00], ["description", nil], ["rating", "R"], ["release_date", Wed, 25 Apr 2001 00:00:00 UTC +00:00], ["title", "Amelie"], ["updated_at", Tue, 21 Oct 2014 10:17:11 UTC +00:00]]
  [1m[36m (26.7ms)[0m  [1mcommit transaction[0m
  [1m[35m (0.0ms)[0m  begin transaction
  [1m[36mSQL (0.3ms)[0m  [1mINSERT INTO "movies" ("created_at", "description", "rating", "release_date", "title", "updated_at") VALUES (?, ?, ?, ?, ?, ?)[0m  [["created_at", Tue, 21 Oct 2014 10:17:11 UTC +00:00], ["description", nil], ["rating", "G"], ["release_date", Sat, 06 Apr 1968 00:00:00 UTC +00:00], ["title", "2001: A Space Odyssey"], ["updated_at", Tue, 21 Oct 2014 10:17:11 UTC +00:00]]
  [1m[35m (17.8ms)[0m  commit transaction
  [1m[36m (0.1ms)[0m  [1mbegin transaction[0m
  [1m[35mSQL (0.2ms)[0m  INSERT INTO "movies" ("created_at", "description", "rating", "release_date", "title", "updated_at") VALUES (?, ?, ?, ?, ?, ?)  [["created_at", Tue, 21 Oct 2014 10:17:11 UTC +00:00], ["description", nil], ["rating", "PG"], ["release_date", Fri, 05 Nov 2004 00:00:00 UTC +00:00], ["title", "The Incredibles"], ["updated_at", Tue, 21 Oct 2014 10:17:11 UTC +00:00]]
  [1m[36m (21.7ms)[0m  [1mcommit transaction[0m
  [1m[35m (0.1ms)[0m  begin transaction
  [1m[36mSQL (0.3ms)[0m  [1mINSERT INTO "movies" ("created_at", "description", "rating", "release_date", "title", "updated_at") VALUES (?, ?, ?, ?, ?, ?)[0m  [["created_at", Tue, 21 Oct 2014 10:17:12 UTC +00:00], ["description", nil], ["rating", "PG"], ["release_date", Fri, 12 Jun 1981 00:00:00 UTC +00:00], ["title", "Raiders of the Lost Ark"], ["updated_at", Tue, 21 Oct 2014 10:17:12 UTC +00:00]]
  [1m[35m (23.6ms)[0m  commit transaction
  [1m[36m (0.2ms)[0m  [1mbegin transaction[0m
  [1m[35mSQL (2.7ms)[0m  INSERT INTO "movies" ("created_at", "description", "rating", "release_date", "title", "updated_at") VALUES (?, ?, ?, ?, ?, ?)  [["created_at", Tue, 21 Oct 2014 10:17:12 UTC +00:00], ["description", nil], ["rating", "G"], ["release_date", Wed, 21 Jun 2000 00:00:00 UTC +00:00], ["title", "Chicken Run"], ["updated_at", Tue, 21 Oct 2014 10:17:12 UTC +00:00]]
  [1m[36m (24.3ms)[0m  [1mcommit transaction[0m


Started GET "/movies" for 127.0.0.1 at 2014-10-21 07:17:57 -0300
Connecting to database specified by database.yml
Processing by MoviesController#index as HTML
  [1m[36mMovie Load (0.2ms)[0m  [1mSELECT "movies".* FROM "movies" [0m
  Rendered movies/index.html.haml within layouts/application (18.7ms)
Compiled application.css  (0ms)  (pid 3145)
Compiled jquery.js  (2ms)  (pid 3145)
Compiled jquery_ujs.js  (0ms)  (pid 3145)
Compiled application.js  (68ms)  (pid 3145)
Completed 200 OK in 255.2ms (Views: 168.4ms | ActiveRecord: 2.5ms)


Started GET "/assets/application.css?body=1" for 127.0.0.1 at 2014-10-21 07:17:58 -0300
Served asset /application.css - 200 OK (49ms)


Started GET "/assets/jquery.js?body=1" for 127.0.0.1 at 2014-10-21 07:17:58 -0300
Served asset /jquery.js - 200 OK (7ms)


Started GET "/assets/jquery_ujs.js?body=1" for 127.0.0.1 at 2014-10-21 07:17:58 -0300
Served asset /jquery_ujs.js - 200 OK (9ms)


Started GET "/assets/application.js?body=1" for 127.0.0.1 at 2014-10-21 07:17:58 -0300
Served asset /application.js - 200 OK (11ms)


Started GET "/movies" for 127.0.0.1 at 2014-10-21 07:20:14 -0300
Processing by MoviesController#index as HTML
  [1m[35mMovie Load (0.3ms)[0m  SELECT "movies".* FROM "movies" 
  Rendered movies/index.html.haml within layouts/application (61.5ms)
Completed 500 Internal Server Error in 74.0ms

ActionView::Template::Error (undefined local variable or method `title_header' for #<#<Class:0xb58a6c80>:0xb54f3cf0>):
    4: %table#movies
    5:   %thead
    6:     %tr
    7:       %th= link_to 'Movie Title', :id => title_header
    8:       %th Rating
    9:       %th Release Date
    10:       %th More Info
  app/views/movies/index.html.haml:7:in `_app_views_movies_index_html_haml___206295180__626550488'


  Rendered /home/saasbook/.rvm/gems/ruby-1.9.3-p448/gems/actionpack-3.2.18/lib/action_dispatch/middleware/templates/rescues/_trace.erb (1.4ms)
  Rendered /home/saasbook/.rvm/gems/ruby-1.9.3-p448/gems/actionpack-3.2.18/lib/action_dispatch/middleware/templates/rescues/_request_and_response.erb (0.8ms)
  Rendered /home/saasbook/.rvm/gems/ruby-1.9.3-p448/gems/actionpack-3.2.18/lib/action_dispatch/middleware/templates/rescues/template_error.erb within rescues/layout (12.1ms)


Started GET "/movies" for 127.0.0.1 at 2014-10-21 07:20:38 -0300
Processing by MoviesController#index as HTML
  [1m[36mMovie Load (0.2ms)[0m  [1mSELECT "movies".* FROM "movies" [0m
  Rendered movies/index.html.haml within layouts/application (14.6ms)
Completed 200 OK in 25.0ms (Views: 19.6ms | ActiveRecord: 0.2ms)


Started GET "/assets/application.css?body=1" for 127.0.0.1 at 2014-10-21 07:20:38 -0300
Served asset /application.css - 304 Not Modified (0ms)


Started GET "/assets/jquery.js?body=1" for 127.0.0.1 at 2014-10-21 07:20:38 -0300
Served asset /jquery.js - 304 Not Modified (0ms)


Started GET "/assets/application.js?body=1" for 127.0.0.1 at 2014-10-21 07:20:38 -0300
Served asset /application.js - 304 Not Modified (6ms)


Started GET "/assets/jquery_ujs.js?body=1" for 127.0.0.1 at 2014-10-21 07:20:38 -0300
Served asset /jquery_ujs.js - 304 Not Modified (0ms)


Started GET "/movies?id=title_header" for 127.0.0.1 at 2014-10-21 07:20:40 -0300
Processing by MoviesController#index as HTML
  Parameters: {"id"=>"title_header"}
  [1m[35mMovie Load (0.6ms)[0m  SELECT "movies".* FROM "movies" 
  Rendered movies/index.html.haml within layouts/application (5.6ms)
Completed 200 OK in 14.3ms (Views: 12.6ms | ActiveRecord: 0.6ms)


Started GET "/assets/application.css?body=1" for 127.0.0.1 at 2014-10-21 07:20:40 -0300
Served asset /application.css - 304 Not Modified (0ms)


Started GET "/assets/jquery.js?body=1" for 127.0.0.1 at 2014-10-21 07:20:40 -0300
Served asset /jquery.js - 304 Not Modified (0ms)


Started GET "/assets/jquery_ujs.js?body=1" for 127.0.0.1 at 2014-10-21 07:20:40 -0300
Served asset /jquery_ujs.js - 304 Not Modified (0ms)


Started GET "/assets/application.js?body=1" for 127.0.0.1 at 2014-10-21 07:20:40 -0300
Served asset /application.js - 304 Not Modified (1ms)


Started GET "/movies?id=title_header" for 127.0.0.1 at 2014-10-21 07:21:38 -0300
Processing by MoviesController#index as HTML
  Parameters: {"id"=>"title_header"}
  [1m[36mMovie Load (0.2ms)[0m  [1mSELECT "movies".* FROM "movies" [0m
  Rendered movies/index.html.haml within layouts/application (16.5ms)
Completed 200 OK in 23.3ms (Views: 20.3ms | ActiveRecord: 0.2ms)


Started GET "/assets/application.css?body=1" for 127.0.0.1 at 2014-10-21 07:21:38 -0300
Served asset /application.css - 304 Not Modified (0ms)


Started GET "/assets/application.js?body=1" for 127.0.0.1 at 2014-10-21 07:21:38 -0300
Served asset /application.js - 304 Not Modified (15ms)


Started GET "/assets/jquery_ujs.js?body=1" for 127.0.0.1 at 2014-10-21 07:21:38 -0300
Served asset /jquery_ujs.js - 304 Not Modified (0ms)


Started GET "/assets/jquery.js?body=1" for 127.0.0.1 at 2014-10-21 07:21:38 -0300
Served asset /jquery.js - 304 Not Modified (0ms)


Started GET "/movies?id=title_header" for 127.0.0.1 at 2014-10-21 07:24:48 -0300
Processing by MoviesController#index as HTML
  Parameters: {"id"=>"title_header"}
  [1m[35mMovie Load (0.6ms)[0m  SELECT "movies".* FROM "movies" 
  Rendered movies/index.html.haml within layouts/application (9.7ms)
Compiled application.css  (0ms)  (pid 3145)
Completed 200 OK in 37.4ms (Views: 21.7ms | ActiveRecord: 0.6ms)


Started GET "/assets/application.css?body=1" for 127.0.0.1 at 2014-10-21 07:24:48 -0300
Served asset /application.css - 200 OK (1ms)


Started GET "/assets/application.js?body=1" for 127.0.0.1 at 2014-10-21 07:24:48 -0300
Served asset /application.js - 304 Not Modified (1ms)


Started GET "/assets/jquery_ujs.js?body=1" for 127.0.0.1 at 2014-10-21 07:24:48 -0300
Served asset /jquery_ujs.js - 304 Not Modified (0ms)


Started GET "/assets/jquery.js?body=1" for 127.0.0.1 at 2014-10-21 07:24:48 -0300
Served asset /jquery.js - 304 Not Modified (1ms)


Started GET "/movies?id=title_header" for 127.0.0.1 at 2014-10-21 07:24:50 -0300
Processing by MoviesController#index as HTML
  Parameters: {"id"=>"title_header"}
  [1m[36mMovie Load (2.0ms)[0m  [1mSELECT "movies".* FROM "movies" [0m
  Rendered movies/index.html.haml within layouts/application (3.9ms)
Completed 200 OK in 10.1ms (Views: 6.9ms | ActiveRecord: 2.0ms)


Started GET "/assets/application.css?body=1" for 127.0.0.1 at 2014-10-21 07:24:50 -0300
Served asset /application.css - 304 Not Modified (0ms)


Started GET "/assets/jquery_ujs.js?body=1" for 127.0.0.1 at 2014-10-21 07:24:50 -0300
Served asset /jquery_ujs.js - 304 Not Modified (1ms)


Started GET "/assets/jquery.js?body=1" for 127.0.0.1 at 2014-10-21 07:24:50 -0300
Served asset /jquery.js - 304 Not Modified (1ms)


Started GET "/assets/application.js?body=1" for 127.0.0.1 at 2014-10-21 07:24:50 -0300
Served asset /application.js - 304 Not Modified (10ms)


Started GET "/movies?id=title_header" for 127.0.0.1 at 2014-10-21 07:24:54 -0300
Processing by MoviesController#index as HTML
  Parameters: {"id"=>"title_header"}
  [1m[35mMovie Load (0.2ms)[0m  SELECT "movies".* FROM "movies" 
  Rendered movies/index.html.haml within layouts/application (13.6ms)
Completed 200 OK in 20.9ms (Views: 19.5ms | ActiveRecord: 0.2ms)


Started GET "/assets/application.css?body=1" for 127.0.0.1 at 2014-10-21 07:24:54 -0300
Served asset /application.css - 304 Not Modified (0ms)


Started GET "/assets/application.js?body=1" for 127.0.0.1 at 2014-10-21 07:24:54 -0300
Served asset /application.js - 304 Not Modified (14ms)


Started GET "/assets/jquery_ujs.js?body=1" for 127.0.0.1 at 2014-10-21 07:24:54 -0300
Served asset /jquery_ujs.js - 304 Not Modified (0ms)


Started GET "/assets/jquery.js?body=1" for 127.0.0.1 at 2014-10-21 07:24:54 -0300
Served asset /jquery.js - 304 Not Modified (0ms)


Started GET "/movies?id=title_header" for 127.0.0.1 at 2014-10-21 07:29:14 -0300
Connecting to database specified by database.yml
Processing by MoviesController#index as HTML
  Parameters: {"id"=>"title_header"}
  [1m[36mMovie Load (0.2ms)[0m  [1mSELECT "movies".* FROM "movies" [0m
  Rendered movies/index.html.haml within layouts/application (15.1ms)
Completed 200 OK in 135.7ms (Views: 62.7ms | ActiveRecord: 3.1ms)


Started GET "/assets/application.css?body=1" for 127.0.0.1 at 2014-10-21 07:29:15 -0300
Served asset /application.css - 304 Not Modified (1ms)


Started GET "/assets/jquery.js?body=1" for 127.0.0.1 at 2014-10-21 07:29:15 -0300
Served asset /jquery.js - 304 Not Modified (6ms)


Started GET "/assets/application.js?body=1" for 127.0.0.1 at 2014-10-21 07:29:15 -0300
Served asset /application.js - 304 Not Modified (39ms)


Started GET "/assets/jquery_ujs.js?body=1" for 127.0.0.1 at 2014-10-21 07:29:15 -0300
Served asset /jquery_ujs.js - 304 Not Modified (5ms)


Started GET "/movies?id=title_header" for 127.0.0.1 at 2014-10-21 07:29:18 -0300
Processing by MoviesController#index as HTML
  Parameters: {"id"=>"title_header"}
  [1m[35mMovie Load (0.2ms)[0m  SELECT "movies".* FROM "movies" 
  Rendered movies/index.html.haml within layouts/application (10.9ms)
Completed 200 OK in 17.3ms (Views: 15.9ms | ActiveRecord: 0.2ms)


Started GET "/assets/application.css?body=1" for 127.0.0.1 at 2014-10-21 07:29:18 -0300
Served asset /application.css - 304 Not Modified (0ms)


Started GET "/assets/jquery_ujs.js?body=1" for 127.0.0.1 at 2014-10-21 07:29:18 -0300
Served asset /jquery_ujs.js - 304 Not Modified (0ms)


Started GET "/assets/jquery.js?body=1" for 127.0.0.1 at 2014-10-21 07:29:18 -0300
Served asset /jquery.js - 304 Not Modified (0ms)


Started GET "/assets/application.js?body=1" for 127.0.0.1 at 2014-10-21 07:29:18 -0300
Served asset /application.js - 304 Not Modified (1ms)
